# JRE version: Java(TM) SE Runtime Environment (8.0_91-b14) (build 1.8.0_91-b14)
# Java VM: Java HotSpot(TM) 64-Bit Server VM (25.91-b14 mixed mode windows-amd64 compressed oops)
Heap:
 PSYoungGen      total 71680K, used 22385K [0x00000000e0000000, 0x00000000e6680000, 0x0000000100000000)
  eden space 66560K, 25% used [0x00000000e0000000,0x00000000e10e16e8,0x00000000e4100000)
  from space 5120K, 99% used [0x00000000e4600000,0x00000000e4afafe0,0x00000000e4b00000)
  to   space 5120K, 0% used [0x00000000e4100000,0x00000000e4100000,0x00000000e4600000)
 ParOldGen       total 72704K, used 15167K [0x00000000a0000000, 0x00000000a4700000, 0x00000000e0000000)
  object space 72704K, 20% used [0x00000000a0000000,0x00000000a0ecfc10,0x00000000a4700000)
 Metaspace       used 27110K, capacity 27700K, committed 27904K, reserved 1073152K
  class space    used 3865K, capacity 4042K, committed 4096K, reserved 1048576K
GC Heap History (10 events):
Event: 0.833 GC heap before
{Heap before GC invocations=1 (full 0):
 PSYoungGen      total 38400K, used 33280K [0x00000000e0000000, 0x00000000e2a80000, 0x0000000100000000)
  eden space 33280K, 100% used [0x00000000e0000000,0x00000000e2080000,0x00000000e2080000)
  from space 5120K, 0% used [0x00000000e2580000,0x00000000e2580000,0x00000000e2a80000)
  to   space 5120K, 0% used [0x00000000e2080000,0x00000000e2080000,0x00000000e2580000)
 ParOldGen       total 87552K, used 0K [0x00000000a0000000, 0x00000000a5580000, 0x00000000e0000000)
  object space 87552K, 0% used [0x00000000a0000000,0x00000000a0000000,0x00000000a5580000)
 Metaspace       used 6817K, capacity 6952K, committed 7040K, reserved 1056768K
  class space    used 858K, capacity 888K, committed 896K, reserved 1048576K
Event: 0.846 GC heap after
Heap after GC invocations=1 (full 0):
 PSYoungGen      total 38400K, used 4322K [0x00000000e0000000, 0x00000000e4b00000, 0x0000000100000000)
  eden space 33280K, 0% used [0x00000000e0000000,0x00000000e0000000,0x00000000e2080000)
  from space 5120K, 84% used [0x00000000e2080000,0x00000000e24b8b28,0x00000000e2580000)
  to   space 5120K, 0% used [0x00000000e4600000,0x00000000e4600000,0x00000000e4b00000)
 ParOldGen       total 87552K, used 8K [0x00000000a0000000, 0x00000000a5580000, 0x00000000e0000000)
  object space 87552K, 0% used [0x00000000a0000000,0x00000000a0002000,0x00000000a5580000)
 Metaspace       used 6817K, capacity 6952K, committed 7040K, reserved 1056768K
  class space    used 858K, capacity 888K, committed 896K, reserved 1048576K
}
Event: 1.857 GC heap before
{Heap before GC invocations=2 (full 0):
 PSYoungGen      total 38400K, used 37602K [0x00000000e0000000, 0x00000000e4b00000, 0x0000000100000000)
  eden space 33280K, 100% used [0x00000000e0000000,0x00000000e2080000,0x00000000e2080000)
  from space 5120K, 84% used [0x00000000e2080000,0x00000000e24b8b28,0x00000000e2580000)
  to   space 5120K, 0% used [0x00000000e4600000,0x00000000e4600000,0x00000000e4b00000)
 ParOldGen       total 87552K, used 8K [0x00000000a0000000, 0x00000000a5580000, 0x00000000e0000000)
  object space 87552K, 0% used [0x00000000a0000000,0x00000000a0002000,0x00000000a5580000)
 Metaspace       used 13099K, capacity 13446K, committed 13568K, reserved 1060864K
  class space    used 1801K, capacity 1934K, committed 2048K, reserved 1048576K
Event: 1.864 GC heap after
Heap after GC invocations=2 (full 0):
 PSYoungGen      total 71680K, used 5102K [0x00000000e0000000, 0x00000000e4b00000, 0x0000000100000000)
  eden space 66560K, 0% used [0x00000000e0000000,0x00000000e0000000,0x00000000e4100000)
  from space 5120K, 99% used [0x00000000e4600000,0x00000000e4afba98,0x00000000e4b00000)
  to   space 5120K, 0% used [0x00000000e4100000,0x00000000e4100000,0x00000000e4600000)
 ParOldGen       total 87552K, used 821K [0x00000000a0000000, 0x00000000a5580000, 0x00000000e0000000)
  object space 87552K, 0% used [0x00000000a0000000,0x00000000a00cd6e8,0x00000000a5580000)
 Metaspace       used 13099K, capacity 13446K, committed 13568K, reserved 1060864K
  class space    used 1801K, capacity 1934K, committed 2048K, reserved 1048576K
}
Event: 4.527 GC heap before
{Heap before GC invocations=3 (full 0):
 PSYoungGen      total 71680K, used 59877K [0x00000000e0000000, 0x00000000e4b00000, 0x0000000100000000)
  eden space 66560K, 82% used [0x00000000e0000000,0x00000000e357dce8,0x00000000e4100000)
  from space 5120K, 99% used [0x00000000e4600000,0x00000000e4afba98,0x00000000e4b00000)
  to   space 5120K, 0% used [0x00000000e4100000,0x00000000e4100000,0x00000000e4600000)
 ParOldGen       total 87552K, used 821K [0x00000000a0000000, 0x00000000a5580000, 0x00000000e0000000)
  object space 87552K, 0% used [0x00000000a0000000,0x00000000a00cd6e8,0x00000000a5580000)
 Metaspace       used 20751K, capacity 21166K, committed 21248K, reserved 1067008K
  class space    used 2858K, capacity 3008K, committed 3072K, reserved 1048576K
Event: 4.541 GC heap after
Heap after GC invocations=3 (full 0):
 PSYoungGen      total 71680K, used 5099K [0x00000000e0000000, 0x00000000e4b00000, 0x0000000100000000)
  eden space 66560K, 0% used [0x00000000e0000000,0x00000000e0000000,0x00000000e4100000)
  from space 5120K, 99% used [0x00000000e4100000,0x00000000e45fafe0,0x00000000e4600000)
  to   space 5120K, 0% used [0x00000000e4600000,0x00000000e4600000,0x00000000e4b00000)
 ParOldGen       total 87552K, used 8304K [0x00000000a0000000, 0x00000000a5580000, 0x00000000e0000000)
  object space 87552K, 9% used [0x00000000a0000000,0x00000000a081c090,0x00000000a5580000)
 Metaspace       used 20751K, capacity 21166K, committed 21248K, reserved 1067008K
  class space    used 2858K, capacity 3008K, committed 3072K, reserved 1048576K
}
Event: 4.541 GC heap before
{Heap before GC invocations=4 (full 1):
 PSYoungGen      total 71680K, used 5099K [0x00000000e0000000, 0x00000000e4b00000, 0x0000000100000000)
  eden space 66560K, 0% used [0x00000000e0000000,0x00000000e0000000,0x00000000e4100000)
  from space 5120K, 99% used [0x00000000e4100000,0x00000000e45fafe0,0x00000000e4600000)
  to   space 5120K, 0% used [0x00000000e4600000,0x00000000e4600000,0x00000000e4b00000)
 ParOldGen       total 87552K, used 8304K [0x00000000a0000000, 0x00000000a5580000, 0x00000000e0000000)
  object space 87552K, 9% used [0x00000000a0000000,0x00000000a081c090,0x00000000a5580000)
 Metaspace       used 20751K, capacity 21166K, committed 21248K, reserved 1067008K
  class space    used 2858K, capacity 3008K, committed 3072K, reserved 1048576K
Event: 4.593 GC heap after
Heap after GC invocations=4 (full 1):
 PSYoungGen      total 71680K, used 0K [0x00000000e0000000, 0x00000000e4b00000, 0x0000000100000000)
  eden space 66560K, 0% used [0x00000000e0000000,0x00000000e0000000,0x00000000e4100000)
  from space 5120K, 0% used [0x00000000e4100000,0x00000000e4100000,0x00000000e4600000)
  to   space 5120K, 0% used [0x00000000e4600000,0x00000000e4600000,0x00000000e4b00000)
 ParOldGen       total 72704K, used 12249K [0x00000000a0000000, 0x00000000a4700000, 0x00000000e0000000)
  object space 72704K, 16% used [0x00000000a0000000,0x00000000a0bf6638,0x00000000a4700000)
 Metaspace       used 20751K, capacity 21166K, committed 21248K, reserved 1067008K
  class space    used 2858K, capacity 3008K, committed 3072K, reserved 1048576K
}
Event: 6.859 GC heap before
{Heap before GC invocations=5 (full 1):
 PSYoungGen      total 71680K, used 66560K [0x00000000e0000000, 0x00000000e4b00000, 0x0000000100000000)
  eden space 66560K, 100% used [0x00000000e0000000,0x00000000e4100000,0x00000000e4100000)
  from space 5120K, 0% used [0x00000000e4100000,0x00000000e4100000,0x00000000e4600000)
  to   space 5120K, 0% used [0x00000000e4600000,0x00000000e4600000,0x00000000e4b00000)
 ParOldGen       total 72704K, used 12249K [0x00000000a0000000, 0x00000000a4700000, 0x00000000e0000000)
  object space 72704K, 16% used [0x00000000a0000000,0x00000000a0bf6638,0x00000000a4700000)
 Metaspace       used 26313K, capacity 26830K, committed 27008K, reserved 1073152K
  class space    used 3721K, capacity 3904K, committed 3968K, reserved 1048576K
Event: 6.872 GC heap after
Heap after GC invocations=5 (full 1):
 PSYoungGen      total 71680K, used 5099K [0x00000000e0000000, 0x00000000e6680000, 0x0000000100000000)
  eden space 66560K, 0% used [0x00000000e0000000,0x00000000e0000000,0x00000000e4100000)
  from space 5120K, 99% used [0x00000000e4600000,0x00000000e4afafe0,0x00000000e4b00000)
  to   space 5120K, 0% used [0x00000000e4100000,0x00000000e4100000,0x00000000e4600000)
 ParOldGen       total 72704K, used 15167K [0x00000000a0000000, 0x00000000a4700000, 0x00000000e0000000)
  object space 72704K, 20% used [0x00000000a0000000,0x00000000a0ecfc10,0x00000000a4700000)
 Metaspace       used 26313K, capacity 26830K, committed 27008K, reserved 1073152K
  class space    used 3721K, capacity 3904K, committed 3968K, reserved 1048576K
}

